<?xml version="1.0" encoding="UTF-8"?>
<testsuite name="org.example.Testing" tests="3" skipped="0" failures="0" errors="0" timestamp="2023-02-23T00:33:47" hostname="DESKTOP-1560I0C" time="0.14">
  <properties/>
  <testcase name="2,3 -&gt; -1" classname="org.example.Testing" time="0.133"/>
  <testcase name="11,11 -&gt; 1" classname="org.example.Testing" time="0.002"/>
  <testcase name="7,99 -&gt; -1" classname="org.example.Testing" time="0.002"/>
  <system-out><![CDATA[]]></system-out>
  <system-err><![CDATA[]]></system-err>
</testsuite>
